make all --print-data-base --no-builtin-variables --no-builtin-rules --question
# GNU Make 4.3
# Built for x86_64-redhat-linux-gnu
# Copyright (C) 1988-2020 Free Software Foundation, Inc.
# License GPLv3+: GNU GPL version 3 or later <http://gnu.org/licenses/gpl.html>
# This is free software: you are free to change and redistribute it.
# There is NO WARRANTY, to the extent permitted by law.

# Make data base, printed on Sun Jul 31 15:37:35 2022

# Variables

# environment
GDK_BACKEND = x11
# environment
LC_ALL = C
# environment
NO_AT_BRIDGE = 1
# makefile (from 'config.mk', line 3)
MODE = debug
# environment
STARSHIP_SESSION_KEY = 1908311085151043
# environment
VSCODE_CWD = /home/clemens
# environment
GDM_LANG = en_GB.UTF-8
# default
MAKE_COMMAND := make
# automatic
@D = $(patsubst %/,%,$(dir $@))
# environment
VSCODE_HANDLES_UNCAUGHT_ERRORS = true
# default
.VARIABLES := 
# environment
PWD = /home/clemens/Projects/clecx
# automatic
%D = $(patsubst %/,%,$(dir $%))
# environment
XDG_DATA_DIRS = /home/clemens/.local/share/flatpak/exports/share:/var/lib/flatpak/exports/share:/usr/local/share/:/usr/share/
# automatic
^D = $(patsubst %/,%,$(dir $^))
# automatic
%F = $(notdir $%)
# environment
VSCODE_CODE_CACHE_PATH = /home/clemens/.config/Code/CachedData/3b889b090b5ad5793f524b5d1d39fda662b96a2a
# makefile (from 'config.mk', line 4)
CARGOFLAGS = 
# environment
LANG = C
# environment
XAUTHORITY = /run/user/1000/.mutter-Xwaylandauth.EKKCQ1
# default
.LOADED := 
# default
.INCLUDE_DIRS = /usr/include /usr/local/include /usr/include
# makefile
MAKEFLAGS = pqrR
# makefile
CURDIR := /home/clemens/Projects/clecx
# environment
APPLICATION_INSIGHTS_NO_DIAGNOSTIC_CHANNEL = true
# automatic
*D = $(patsubst %/,%,$(dir $*))
# makefile (from 'config.mk', line 2)
VERSION = 0.1
# makefile (from 'config.mk', line 5)
IMAGE = bin/Clecx-$(VERSION)
# environment
MFLAGS = -pqrR
# environment
SSH_AUTH_SOCK = /run/user/1000/keyring/ssh
# default
.SHELLFLAGS := -c
# environment
WAYLAND_DISPLAY = wayland-0
# automatic
+D = $(patsubst %/,%,$(dir $+))
# environment
XDG_SESSION_DESKTOP = gnome
# makefile (from 'build/all.mk', line 1)
MAKEFILE_LIST := Makefile config.mk build/setup.mk build/boot.mk build/image.mk build/qemu.mk build/kernel.mk build/clean.mk build/all.mk
# automatic
@F = $(notdir $@)
# environment
VSCODE_PID = 13154
# environment
XDG_SESSION_TYPE = wayland
# automatic
?D = $(patsubst %/,%,$(dir $?))
# environment
SESSION_MANAGER = local/unix:@/tmp/.ICE-unix/1809,unix/unix:/tmp/.ICE-unix/1809
# automatic
*F = $(notdir $*)
# environment
CHROME_DESKTOP = code-url-handler.desktop
# environment
DBUS_SESSION_BUS_ADDRESS = unix:path=/run/user/1000/bus
# automatic
<D = $(patsubst %/,%,$(dir $<))
# environment
VSCODE_NLS_CONFIG = {"locale":"en-gb","availableLanguages":{},"_languagePackSupport":true}
# default
MAKE_HOST := x86_64-redhat-linux-gnu
# makefile
SHELL = /bin/sh
# makefile (from 'build/qemu.mk', line 1)
QEMUFLAGS = -drive file=$(IMAGE),format=raw -m 512M -enable-kvm -cpu host -machine q35,accel=kvm:tcg -drive if=pflash,format=raw,unit=0,file=res/OVMF/OVMF_CODE.fd,readonly=on -drive if=pflash,format=raw,unit=1,file=res/OVMF/OVMF_VARS.fd -d int,cpu_reset -no-shutdown -no-reboot -smp 8 -net none -device isa-debug-exit,iobase=0xf4,iosize=0x04 -vga virtio
# default
MAKECMDGOALS := all
# environment
XMODIFIERS = @im=ibus
# environment
SHLVL = 1
# environment
MAKELEVEL := 0
# default
MAKE = $(MAKE_COMMAND)
# environment
PATH = /home/clemens/.cargo/bin:/usr/local/bin:/usr/local/sbin:/usr/bin:/usr/sbin
# default
MAKEFILES := 
# automatic
^F = $(notdir $^)
# environment
INVOCATION_ID = 18ab3b05644c4ed9ad410565588a2e7b
# environment
USERNAME = clemens
# environment
GNOME_SETUP_DISPLAY = :1
# automatic
?F = $(notdir $?)
# environment
XDG_CURRENT_DESKTOP = GNOME
# automatic
+F = $(notdir $+)
# environment
DESKTOP_SESSION = gnome
# environment
ORIGINAL_XDG_CURRENT_DESKTOP = GNOME
# 'override' directive
GNUMAKEFLAGS := 
# environment
LOGNAME = clemens
# makefile
.DEFAULT_GOAL := setup
# environment
SYSTEMD_EXEC_PID = 2205
# makefile (from 'config.mk', line 1)
ARCH = x86_64
# environment
EDITOR = /usr/bin/nano
# environment
DISPLAY = :0
# environment
USER = clemens
# default
MAKE_VERSION := 4.3
# environment
MANAGERPID = 1704
# environment
STARSHIP_SHELL = fish
# environment
GIO_LAUNCHED_DESKTOP_FILE_PID = 3682
# environment
_ = /usr/bin/make
# environment
XDG_RUNTIME_DIR = /run/user/1000
# environment
JOURNAL_STREAM = 8:33307
# environment
XDG_SESSION_CLASS = user
# environment
VSCODE_AMD_ENTRYPOINT = vs/workbench/api/node/extensionHostProcess
# environment
HOME = /home/clemens
# environment
QT_IM_MODULE = ibus
# environment
ELECTRON_RUN_AS_NODE = 1
# environment
VSCODE_IPC_HOOK = /run/user/1000/vscode-0e2d95b6-1.69.2-main.sock
# default
.RECIPEPREFIX := 
# automatic
<F = $(notdir $<)
# default
SUFFIXES := 
# default
.FEATURES := target-specific order-only second-expansion else-if shortest-stem undefine oneshell nocomment grouped-target extra-prereqs archives jobserver output-sync check-symlink guile load
# environment
XDG_MENU_PREFIX = gnome-
# environment
GDMSESSION = gnome
# variable set hash-table stats:
# Load=91/1024=9%, Rehash=0, Collisions=5/146=3%

# Pattern-specific Variable Values

# No pattern-specific variable values.

# Directories

# . (device 42, inode 12623): 19 files, no impossibilities.

# 19 files, no impossibilities in 1 directories.

# Implicit Rules

# No implicit rules.

# Files

.ONESHELL:
#  Implicit rule search has not been done.
#  Modification time never checked.
#  File has not been updated.

# Not a target:
build/image.mk:
#  Implicit rule search has been done.
#  Last modified 2022-07-30 20:33:31.118910198
#  File has been updated.
#  Successfully updated.

# Not a target:
build/all.mk:
#  Implicit rule search has been done.
#  Last modified 2022-07-30 23:20:07.687084829
#  File has been updated.
#  Successfully updated.

setup:
#  Implicit rule search has not been done.
#  Modification time never checked.
#  File has not been updated.
#  recipe to execute (from 'build/setup.mk', line 6):
	mkdir bin

# Not a target:
Makefile:
#  Implicit rule search has been done.
#  Last modified 2022-07-30 20:48:59.397902452
#  File has been updated.
#  Successfully updated.

run/qemu:
#  Implicit rule search has not been done.
#  Modification time never checked.
#  File has not been updated.
#  recipe to execute (from 'build/qemu.mk', line 17):
	qemu-system-$(ARCH) $(QEMUFLAGS)

clean:
#  Implicit rule search has not been done.
#  Modification time never checked.
#  File has not been updated.
#  recipe to execute (from 'build/clean.mk', line 2):
	rm -rf bin/* || true
	cargo clean

# Not a target:
build/boot.mk:
#  Implicit rule search has been done.
#  Last modified 2022-07-30 20:33:31.117910197
#  File has been updated.
#  Successfully updated.

kernel:
#  Phony target (prerequisite of .PHONY).
#  Implicit rule search has not been done.
#  Implicit/static pattern stem: ''
#  File does not exist.
#  File has been updated.
#  Needs to be updated (-q is set).
# automatic
# @ := kernel
# automatic
# * := 
# automatic
# < := 
# automatic
# + := 
# automatic
# % := 
# automatic
# ^ := 
# automatic
# ? := 
# automatic
# | := 
# variable set hash-table stats:
# Load=8/32=25%, Rehash=0, Collisions=1/14=7%
#  recipe to execute (from 'build/kernel.mk', line 5):
	cd kernel
	cargo build --target ../build/targets/$(ARCH)/kernel.json $(CARGOFLAGS)
	cd ..
	cp target/kernel/$(MODE)/kernel bin/clecx
	strip bin/clecx

# Not a target:
build/clean.mk:
#  Implicit rule search has been done.
 
#  Last modified 2022-07-30 20:33:31.117910197
#  File has been updated.
#  Successfully updated.

boot:
#  Phony target (prerequisite of .PHONY).
#  Implicit rule search has not been done.
#  File does not exist.
#  File has not been updated.
#  recipe to execute (from 'build/boot.mk', line 5):
	cd boot
	cargo build --target ../build/targets/$(ARCH)/boot.json $(CARGOFLAGS)
	cd ..
	cp target/boot/$(MODE)/boot.efi bin/BOOTX64.EFI
	strip bin/BOOTX64.EFI

# Not a target:
.DEFAULT:
#  Implicit rule search has not been done.
#  Modification time never checked.
#  File has not been updated.

all: kernel image
#  Command line target.
#  Implicit rule search has been done.
#  File does not exist.
#  File has been updated.
#  Needs to be updated (-q is set).
# variable set hash-table stats:
# Load=0/32=0%, Rehash=0, Collisions=0/6=0%

# Not a target:
config.mk:
#  Implicit rule search has been done.
#  Last modified 2022-07-30 20:33:31.118910198
#  File has been updated.
#  Successfully updated.

kernel/asm:
#  Implicit rule search has not been done.
#  Modification time never checked.
#  File has not been updated.
#  recipe to execute (from 'build/kernel.mk', line 13):
	cd kernel
	cargo rustc --target ../build/targets/$(ARCH)/kernel.json $(CARGOFLAGS) -- --emit asm
	cd ..

image:
#  Implicit rule search has not been done.
#  Modification time never checked.
#  File has not been updated.
#  recipe to execute (from 'build/image.mk', line 2):
	dd if=/dev/zero of=$(IMAGE) bs=512 count=93750
	mkfs.vfat -F32 $(IMAGE)
	mmd -i $(IMAGE) ::/EFI
	mmd -i $(IMAGE) ::/EFI/BOOT
	mcopy -i $(IMAGE) bin/BOOTX64.EFI ::/EFI/BOOT
	mcopy -i $(IMAGE) scripts/startup.nsh ::
	mcopy -i $(IMAGE) bin/clecx ::
	mcopy -i $(IMAGE) res/font.psf ::
	mcopy -i $(IMAGE) res/FONT_LICENSE ::

# Not a target:
build/setup.mk:
#  Implicit rule search has been done.
#  Last modified 2022-07-30 21:05:56.598627097
#  File has been updated.
#  Successfully updated.

# Not a target:
build/kernel.mk:
#  Implicit rule search has been done.
#  Last modified 2022-07-30 20:33:31.118910198
#  File has been updated.
#  Successfully updated.

# Not a target:
.SUFFIXES:
#  Implicit rule search has not been done.
#  Modification time never checked.
#  File has not been updated.

.PHONY: boot kernel
#  Implicit rule search has not been done.
#  Modification time never checked.
#  File has not been updated.

everything: kernel boot image
#  Implicit rule search has not been done.
#  Modification time never checked.
#  File has not been updated.

# Not a target:
build/qemu.mk:
#  Implicit rule search has been done.
#  Last modified 2022-07-30 20:33:31.118910198
#  File has been updated.
#  Successfully updated.

# files hash-table stats:
# Load=22/1024=2%, Rehash=0, Collisions=0/53=0%
# VPATH Search Paths

# No 'vpath' search paths.

# No general ('VPATH' variable) search path.

# strcache buffers: 1 (0) / strings = 39 / storage = 355 B / avg = 9 B
# current buf: size = 8162 B / used = 355 B / count = 39 / avg = 9 B

# strcache performance: lookups = 78 / hit rate = 50%
# hash-table stats:
# Load=39/8192=0%, Rehash=0, Collisions=0/78=0%
# Finished Make data base on Sun Jul 31 15:37:35 2022

 
